{"numTotalTestSuites":146,"numPassedTestSuites":146,"numFailedTestSuites":0,"numPendingTestSuites":0,"numTotalTests":343,"numPassedTests":343,"numFailedTests":0,"numPendingTests":0,"numTodoTests":0,"snapshot":{"added":0,"failure":false,"filesAdded":0,"filesRemoved":0,"filesRemovedList":[],"filesUnmatched":0,"filesUpdated":0,"matched":0,"total":0,"unchecked":0,"uncheckedKeysByFile":[],"unmatched":0,"updated":0,"didUpdate":false},"startTime":1752781521715,"success":true,"testResults":[{"assertionResults":[{"ancestorTitles":["GetCurrentUserUseCase"],"fullName":"GetCurrentUserUseCase should return current user with profile when both exist","status":"passed","title":"should return current user with profile when both exist","duration":6.2990000000002055,"failureMessages":[],"meta":{}},{"ancestorTitles":["GetCurrentUserUseCase"],"fullName":"GetCurrentUserUseCase should return current user without profile when profile does not exist","status":"passed","title":"should return current user without profile when profile does not exist","duration":0.8787999999999556,"failureMessages":[],"meta":{}},{"ancestorTitles":["GetCurrentUserUseCase"],"fullName":"GetCurrentUserUseCase should return null user and profile when no user is authenticated","status":"passed","title":"should return null user and profile when no user is authenticated","duration":1.080600000000004,"failureMessages":[],"meta":{}},{"ancestorTitles":["GetCurrentUserUseCase"],"fullName":"GetCurrentUserUseCase should handle auth service error gracefully","status":"passed","title":"should handle auth service error gracefully","duration":1.19399999999996,"failureMessages":[],"meta":{}},{"ancestorTitles":["GetCurrentUserUseCase"],"fullName":"GetCurrentUserUseCase should handle user profile repository error gracefully","status":"passed","title":"should handle user profile repository error gracefully","duration":1.7197000000001026,"failureMessages":[],"meta":{}},{"ancestorTitles":["GetCurrentUserUseCase"],"fullName":"GetCurrentUserUseCase should handle non-Error exceptions gracefully","status":"passed","title":"should handle non-Error exceptions gracefully","duration":1.1962000000000899,"failureMessages":[],"meta":{}},{"ancestorTitles":["GetCurrentUserUseCase"],"fullName":"GetCurrentUserUseCase should handle user with partial profile information","status":"passed","title":"should handle user with partial profile information","duration":1.251399999999876,"failureMessages":[],"meta":{}},{"ancestorTitles":["GetCurrentUserUseCase"],"fullName":"GetCurrentUserUseCase should handle user with zero balance correctly","status":"passed","title":"should handle user with zero balance correctly","duration":1.2626999999999953,"failureMessages":[],"meta":{}}],"startTime":1752781532874,"endTime":1752781532888.2627,"status":"passed","message":"","name":"C:/Users/devel/Documents/Development/pokemon-card-marketplace/project/src/application/use-cases/auth/GetCurrentUserUseCase.test.ts"},{"assertionResults":[{"ancestorTitles":["RemoveFromCollectionUseCase"],"fullName":"RemoveFromCollectionUseCase should successfully remove card from collection","status":"passed","title":"should successfully remove card from collection","duration":7.611900000000105,"failureMessages":[],"meta":{}},{"ancestorTitles":["RemoveFromCollectionUseCase"],"fullName":"RemoveFromCollectionUseCase should fail when userId is empty","status":"passed","title":"should fail when userId is empty","duration":1.4281000000000859,"failureMessages":[],"meta":{}},{"ancestorTitles":["RemoveFromCollectionUseCase"],"fullName":"RemoveFromCollectionUseCase should fail when userId is only whitespace","status":"passed","title":"should fail when userId is only whitespace","duration":0.815900000000056,"failureMessages":[],"meta":{}},{"ancestorTitles":["RemoveFromCollectionUseCase"],"fullName":"RemoveFromCollectionUseCase should fail when cardId is empty","status":"passed","title":"should fail when cardId is empty","duration":0.7677000000001044,"failureMessages":[],"meta":{}},{"ancestorTitles":["RemoveFromCollectionUseCase"],"fullName":"RemoveFromCollectionUseCase should fail when cardId is only whitespace","status":"passed","title":"should fail when cardId is only whitespace","duration":0.5203000000001339,"failureMessages":[],"meta":{}},{"ancestorTitles":["RemoveFromCollectionUseCase"],"fullName":"RemoveFromCollectionUseCase should fail when card is not found in collection","status":"passed","title":"should fail when card is not found in collection","duration":0.47489999999993415,"failureMessages":[],"meta":{}},{"ancestorTitles":["RemoveFromCollectionUseCase"],"fullName":"RemoveFromCollectionUseCase should fail when repository removeCard returns false","status":"passed","title":"should fail when repository removeCard returns false","duration":0.4755999999999858,"failureMessages":[],"meta":{}},{"ancestorTitles":["RemoveFromCollectionUseCase"],"fullName":"RemoveFromCollectionUseCase should handle repository findByUserIdAndCardId error gracefully","status":"passed","title":"should handle repository findByUserIdAndCardId error gracefully","duration":0.6380999999998949,"failureMessages":[],"meta":{}},{"ancestorTitles":["RemoveFromCollectionUseCase"],"fullName":"RemoveFromCollectionUseCase should handle repository removeCard error gracefully","status":"passed","title":"should handle repository removeCard error gracefully","duration":0.4654000000000451,"failureMessages":[],"meta":{}},{"ancestorTitles":["RemoveFromCollectionUseCase"],"fullName":"RemoveFromCollectionUseCase should handle non-Error exceptions gracefully","status":"passed","title":"should handle non-Error exceptions gracefully","duration":0.522899999999936,"failureMessages":[],"meta":{}}],"startTime":1752781532892,"endTime":1752781532906.523,"status":"passed","message":"","name":"C:/Users/devel/Documents/Development/pokemon-card-marketplace/project/src/application/use-cases/collection/RemoveFromCollectionUseCase.test.ts"},{"assertionResults":[{"ancestorTitles":["GetDashboardStatsUseCase"],"fullName":"GetDashboardStatsUseCase should return complete dashboard stats successfully","status":"passed","title":"should return complete dashboard stats successfully","duration":9.086799999999812,"failureMessages":[],"meta":{}},{"ancestorTitles":["GetDashboardStatsUseCase"],"fullName":"GetDashboardStatsUseCase should handle revenue calculation with basic data service calls","status":"passed","title":"should handle revenue calculation with basic data service calls","duration":1.2669000000000779,"failureMessages":[],"meta":{}},{"ancestorTitles":["GetDashboardStatsUseCase"],"fullName":"GetDashboardStatsUseCase should handle basic successful scenario with all data","status":"passed","title":"should handle basic successful scenario with all data","duration":1.0425000000000182,"failureMessages":[],"meta":{}},{"ancestorTitles":["GetDashboardStatsUseCase"],"fullName":"GetDashboardStatsUseCase should calculate growth percentage correctly","status":"passed","title":"should calculate growth percentage correctly","duration":0.8453999999999269,"failureMessages":[],"meta":{}},{"ancestorTitles":["GetDashboardStatsUseCase"],"fullName":"GetDashboardStatsUseCase should handle zero previous values in growth calculation","status":"passed","title":"should handle zero previous values in growth calculation","duration":1.1371000000001459,"failureMessages":[],"meta":{}},{"ancestorTitles":["GetDashboardStatsUseCase"],"fullName":"GetDashboardStatsUseCase should return default values when main execution fails","status":"passed","title":"should return default values when main execution fails","duration":1.7048999999999523,"failureMessages":[],"meta":{}},{"ancestorTitles":["GetDashboardStatsUseCase"],"fullName":"GetDashboardStatsUseCase should handle getStatsByPeriod successfully","status":"passed","title":"should handle getStatsByPeriod successfully","duration":4.216999999999871,"failureMessages":[],"meta":{}},{"ancestorTitles":["GetDashboardStatsUseCase"],"fullName":"GetDashboardStatsUseCase should handle getStatsByPeriod errors gracefully","status":"passed","title":"should handle getStatsByPeriod errors gracefully","duration":0.9711999999999534,"failureMessages":[],"meta":{}},{"ancestorTitles":["GetDashboardStatsUseCase"],"fullName":"GetDashboardStatsUseCase should handle revenue calculation errors gracefully","status":"passed","title":"should handle revenue calculation errors gracefully","duration":0.7303999999999178,"failureMessages":[],"meta":{}},{"ancestorTitles":["GetDashboardStatsUseCase"],"fullName":"GetDashboardStatsUseCase should handle popular cards query errors gracefully","status":"passed","title":"should handle popular cards query errors gracefully","duration":0.9850999999998749,"failureMessages":[],"meta":{}},{"ancestorTitles":["GetDashboardStatsUseCase"],"fullName":"GetDashboardStatsUseCase should handle recent transactions query errors gracefully","status":"passed","title":"should handle recent transactions query errors gracefully","duration":0.8493000000000848,"failureMessages":[],"meta":{}}],"startTime":1752781523854,"endTime":1752781523876.8494,"status":"passed","message":"","name":"C:/Users/devel/Documents/Development/pokemon-card-marketplace/project/src/application/use-cases/dashboard/GetDashboardStatsUseCase.test.ts"},{"assertionResults":[{"ancestorTitles":["ProcessCardTransactionUseCase"],"fullName":"ProcessCardTransactionUseCase should successfully process a card transaction","status":"passed","title":"should successfully process a card transaction","duration":7.698499999999967,"failureMessages":[],"meta":{}},{"ancestorTitles":["ProcessCardTransactionUseCase"],"fullName":"ProcessCardTransactionUseCase should throw error when buyer and seller are the same","status":"passed","title":"should throw error when buyer and seller are the same","duration":3.3308999999999287,"failureMessages":[],"meta":{}},{"ancestorTitles":["ProcessCardTransactionUseCase"],"fullName":"ProcessCardTransactionUseCase should throw error when card is not found","status":"passed","title":"should throw error when card is not found","duration":0.9932000000001153,"failureMessages":[],"meta":{}},{"ancestorTitles":["ProcessCardTransactionUseCase"],"fullName":"ProcessCardTransactionUseCase should throw error when seller does not own the card","status":"passed","title":"should throw error when seller does not own the card","duration":1.843900000000076,"failureMessages":[],"meta":{}},{"ancestorTitles":["ProcessCardTransactionUseCase"],"fullName":"ProcessCardTransactionUseCase should throw error when seller does not have enough cards in stock","status":"passed","title":"should throw error when seller does not have enough cards in stock","duration":1.0584000000001197,"failureMessages":[],"meta":{}},{"ancestorTitles":["ProcessCardTransactionUseCase"],"fullName":"ProcessCardTransactionUseCase should throw error when buyer profile is not found","status":"passed","title":"should throw error when buyer profile is not found","duration":0.8944000000001324,"failureMessages":[],"meta":{}},{"ancestorTitles":["ProcessCardTransactionUseCase"],"fullName":"ProcessCardTransactionUseCase should throw error when buyer has insufficient balance","status":"passed","title":"should throw error when buyer has insufficient balance","duration":0.7805000000000746,"failureMessages":[],"meta":{}},{"ancestorTitles":["ProcessCardTransactionUseCase"],"fullName":"ProcessCardTransactionUseCase should throw error when sale creation fails","status":"passed","title":"should throw error when sale creation fails","duration":0.7476000000001477,"failureMessages":[],"meta":{}},{"ancestorTitles":["ProcessCardTransactionUseCase"],"fullName":"ProcessCardTransactionUseCase should throw error when purchase creation fails","status":"passed","title":"should throw error when purchase creation fails","duration":0.8179000000000087,"failureMessages":[],"meta":{}},{"ancestorTitles":["ProcessCardTransactionUseCase"],"fullName":"ProcessCardTransactionUseCase should handle transaction with exact balance","status":"passed","title":"should handle transaction with exact balance","duration":1.205900000000156,"failureMessages":[],"meta":{}}],"startTime":1752781526089,"endTime":1752781526109.2058,"status":"passed","message":"","name":"C:/Users/devel/Documents/Development/pokemon-card-marketplace/project/src/application/use-cases/transaction/ProcessCardTransactionUseCase.test.ts"},{"assertionResults":[{"ancestorTitles":["SupabaseDataService Integration","getMany"],"fullName":"SupabaseDataService Integration getMany should retrieve multiple records successfully","status":"passed","title":"should retrieve multiple records successfully","duration":11.970600000000104,"failureMessages":[],"meta":{}},{"ancestorTitles":["SupabaseDataService Integration","getMany"],"fullName":"SupabaseDataService Integration getMany should handle filters correctly","status":"passed","title":"should handle filters correctly","duration":3.1736000000000786,"failureMessages":[],"meta":{}},{"ancestorTitles":["SupabaseDataService Integration","getById"],"fullName":"SupabaseDataService Integration getById should retrieve a single record by ID","status":"passed","title":"should retrieve a single record by ID","duration":3.816399999999703,"failureMessages":[],"meta":{}},{"ancestorTitles":["SupabaseDataService Integration","getById"],"fullName":"SupabaseDataService Integration getById should handle record not found","status":"passed","title":"should handle record not found","duration":2.3106000000002496,"failureMessages":[],"meta":{}},{"ancestorTitles":["SupabaseDataService Integration","create"],"fullName":"SupabaseDataService Integration create should create a new record","status":"passed","title":"should create a new record","duration":2.2476999999998952,"failureMessages":[],"meta":{}},{"ancestorTitles":["SupabaseDataService Integration","create"],"fullName":"SupabaseDataService Integration create should handle creation errors","status":"passed","title":"should handle creation errors","duration":2.462300000000141,"failureMessages":[],"meta":{}},{"ancestorTitles":["SupabaseDataService Integration","update"],"fullName":"SupabaseDataService Integration update should update an existing record","status":"passed","title":"should update an existing record","duration":2.6233000000001994,"failureMessages":[],"meta":{}},{"ancestorTitles":["SupabaseDataService Integration","delete"],"fullName":"SupabaseDataService Integration delete should delete a record successfully","status":"passed","title":"should delete a record successfully","duration":2.68769999999995,"failureMessages":[],"meta":{}},{"ancestorTitles":["SupabaseDataService Integration","delete"],"fullName":"SupabaseDataService Integration delete should handle delete errors","status":"passed","title":"should handle delete errors","duration":2.626499999999851,"failureMessages":[],"meta":{}},{"ancestorTitles":["SupabaseDataService Integration","count"],"fullName":"SupabaseDataService Integration count should count records with filters","status":"passed","title":"should count records with filters","duration":4.615800000000036,"failureMessages":[],"meta":{}},{"ancestorTitles":["SupabaseDataService Integration","rpc"],"fullName":"SupabaseDataService Integration rpc should call RPC function","status":"passed","title":"should call RPC function","duration":2.758600000000115,"failureMessages":[],"meta":{}},{"ancestorTitles":["SupabaseDataService Integration","Error Handling"],"fullName":"SupabaseDataService Integration Error Handling should handle network errors gracefully","status":"passed","title":"should handle network errors gracefully","duration":3.759599999999864,"failureMessages":[],"meta":{}},{"ancestorTitles":["SupabaseDataService Integration","Error Handling"],"fullName":"SupabaseDataService Integration Error Handling should handle malformed responses","status":"passed","title":"should handle malformed responses","duration":3.5403000000001157,"failureMessages":[],"meta":{}}],"startTime":1752781523867,"endTime":1752781523916.5403,"status":"passed","message":"","name":"C:/Users/devel/Documents/Development/pokemon-card-marketplace/project/src/__tests__/integration/services/SupabaseDataService.test.ts"},{"assertionResults":[{"ancestorTitles":["DI Container","register"],"fullName":"DI Container register should register a dependency","status":"passed","title":"should register a dependency","duration":2.355400000000145,"failureMessages":[],"meta":{}},{"ancestorTitles":["DI Container","register"],"fullName":"DI Container register should allow overriding dependencies","status":"passed","title":"should allow overriding dependencies","duration":0.1812999999999647,"failureMessages":[],"meta":{}},{"ancestorTitles":["DI Container","get"],"fullName":"DI Container get should retrieve registered dependency","status":"passed","title":"should retrieve registered dependency","duration":0.1529000000000451,"failureMessages":[],"meta":{}},{"ancestorTitles":["DI Container","get"],"fullName":"DI Container get should throw error for unregistered dependency","status":"passed","title":"should throw error for unregistered dependency","duration":1.116800000000012,"failureMessages":[],"meta":{}},{"ancestorTitles":["DI Container","get"],"fullName":"DI Container get should work with generic types","status":"passed","title":"should work with generic types","duration":0.18020000000001346,"failureMessages":[],"meta":{}},{"ancestorTitles":["DI Container","DEPENDENCIES constants"],"fullName":"DI Container DEPENDENCIES constants should have all required dependency identifiers","status":"passed","title":"should have all required dependency identifiers","duration":0.2907000000000153,"failureMessages":[],"meta":{}},{"ancestorTitles":["DI Container","DEPENDENCIES constants"],"fullName":"DI Container DEPENDENCIES constants should have unique dependency identifiers","status":"passed","title":"should have unique dependency identifiers","duration":0.2880000000000109,"failureMessages":[],"meta":{}},{"ancestorTitles":["DI Container","real dependencies integration"],"fullName":"DI Container real dependencies integration should handle complex dependency registration","status":"passed","title":"should handle complex dependency registration","duration":0.4454999999998108,"failureMessages":[],"meta":{}}],"startTime":1752781534213,"endTime":1752781534218.4456,"status":"passed","message":"","name":"C:/Users/devel/Documents/Development/pokemon-card-marketplace/project/src/__tests__/unit/infrastructure/DIContainer.test.ts"},{"assertionResults":[{"ancestorTitles":["CachedDataService","getMany"],"fullName":"CachedDataService getMany should call underlying service and cache result","status":"passed","title":"should call underlying service and cache result","duration":7.903699999999844,"failureMessages":[],"meta":{}},{"ancestorTitles":["CachedDataService","getMany"],"fullName":"CachedDataService getMany should return cached result on second call","status":"passed","title":"should return cached result on second call","duration":1.1981000000000677,"failureMessages":[],"meta":{}},{"ancestorTitles":["CachedDataService","getMany"],"fullName":"CachedDataService getMany should respect different options in cache key","status":"passed","title":"should respect different options in cache key","duration":2.111499999999978,"failureMessages":[],"meta":{}},{"ancestorTitles":["CachedDataService","getById"],"fullName":"CachedDataService getById should cache individual record by id","status":"passed","title":"should cache individual record by id","duration":2.0410000000001673,"failureMessages":[],"meta":{}},{"ancestorTitles":["CachedDataService","create"],"fullName":"CachedDataService create should invalidate cache when creating","status":"passed","title":"should invalidate cache when creating","duration":1.2500999999997475,"failureMessages":[],"meta":{}},{"ancestorTitles":["CachedDataService","update"],"fullName":"CachedDataService update should invalidate cache when updating","status":"passed","title":"should invalidate cache when updating","duration":1.0877000000000407,"failureMessages":[],"meta":{}},{"ancestorTitles":["CachedDataService","delete"],"fullName":"CachedDataService delete should invalidate cache when deleting","status":"passed","title":"should invalidate cache when deleting","duration":0.9470000000001164,"failureMessages":[],"meta":{}},{"ancestorTitles":["CachedDataService","count"],"fullName":"CachedDataService count should not cache count results","status":"passed","title":"should not cache count results","duration":0.9454000000000633,"failureMessages":[],"meta":{}},{"ancestorTitles":["CachedDataService","rpc"],"fullName":"CachedDataService rpc should not cache RPC results","status":"passed","title":"should not cache RPC results","duration":1.6639000000000124,"failureMessages":[],"meta":{}}],"startTime":1752781530724,"endTime":1752781530743.6638,"status":"passed","message":"","name":"C:/Users/devel/Documents/Development/pokemon-card-marketplace/project/src/__tests__/unit/services/CachedDataService.test.ts"},{"assertionResults":[{"ancestorTitles":["DataServiceHelpers","getPopularCards"],"fullName":"DataServiceHelpers getPopularCards should get popular cards successfully","status":"passed","title":"should get popular cards successfully","duration":7.247299999999996,"failureMessages":[],"meta":{}},{"ancestorTitles":["DataServiceHelpers","getPopularCards"],"fullName":"DataServiceHelpers getPopularCards should return empty array when RPC fails","status":"passed","title":"should return empty array when RPC fails","duration":1.0662999999999556,"failureMessages":[],"meta":{}},{"ancestorTitles":["DataServiceHelpers","getPopularCards"],"fullName":"DataServiceHelpers getPopularCards should use default parameters","status":"passed","title":"should use default parameters","duration":1.0073999999999614,"failureMessages":[],"meta":{}},{"ancestorTitles":["DataServiceHelpers","getUserCards"],"fullName":"DataServiceHelpers getUserCards should get user cards successfully","status":"passed","title":"should get user cards successfully","duration":5.1539000000000215,"failureMessages":[],"meta":{}},{"ancestorTitles":["DataServiceHelpers","getUserCards"],"fullName":"DataServiceHelpers getUserCards should handle includeInCollection parameter","status":"passed","title":"should handle includeInCollection parameter","duration":3.0382999999999356,"failureMessages":[],"meta":{}},{"ancestorTitles":["DataServiceHelpers","getUserCartItems"],"fullName":"DataServiceHelpers getUserCartItems should get user cart items successfully","status":"passed","title":"should get user cart items successfully","duration":1.6961999999998625,"failureMessages":[],"meta":{}},{"ancestorTitles":["DataServiceHelpers","getMarketplaceStats"],"fullName":"DataServiceHelpers getMarketplaceStats should get marketplace statistics successfully","status":"passed","title":"should get marketplace statistics successfully","duration":1.8944000000001324,"failureMessages":[],"meta":{}},{"ancestorTitles":["DataServiceHelpers","getMarketplaceStats"],"fullName":"DataServiceHelpers getMarketplaceStats should handle errors gracefully","status":"passed","title":"should handle errors gracefully","duration":3.4016999999998916,"failureMessages":[],"meta":{}},{"ancestorTitles":["DataServiceHelpers","isCardAvailable"],"fullName":"DataServiceHelpers isCardAvailable should check if card is available","status":"passed","title":"should check if card is available","duration":1.7705999999998312,"failureMessages":[],"meta":{}},{"ancestorTitles":["DataServiceHelpers","isCardAvailable"],"fullName":"DataServiceHelpers isCardAvailable should return false for unavailable card","status":"passed","title":"should return false for unavailable card","duration":0.7292999999999665,"failureMessages":[],"meta":{}},{"ancestorTitles":["DataServiceHelpers","isCardAvailable"],"fullName":"DataServiceHelpers isCardAvailable should return false when card not found","status":"passed","title":"should return false when card not found","duration":0.8706999999999425,"failureMessages":[],"meta":{}},{"ancestorTitles":["DataServiceHelpers","searchUsers"],"fullName":"DataServiceHelpers searchUsers should search users successfully","status":"passed","title":"should search users successfully","duration":1.2871000000000095,"failureMessages":[],"meta":{}},{"ancestorTitles":["DataServiceHelpers","searchCards"],"fullName":"DataServiceHelpers searchCards should search cards with filters","status":"passed","title":"should search cards with filters","duration":1.6314000000002125,"failureMessages":[],"meta":{}},{"ancestorTitles":["DataServiceHelpers","searchCards"],"fullName":"DataServiceHelpers searchCards should search cards with minimal options","status":"passed","title":"should search cards with minimal options","duration":1.0702000000001135,"failureMessages":[],"meta":{}},{"ancestorTitles":["DataServiceHelpers","getCardsByRarity"],"fullName":"DataServiceHelpers getCardsByRarity should get cards by rarity","status":"passed","title":"should get cards by rarity","duration":1.5201999999999316,"failureMessages":[],"meta":{}},{"ancestorTitles":["DataServiceHelpers","getRecommendations"],"fullName":"DataServiceHelpers getRecommendations should get user recommendations","status":"passed","title":"should get user recommendations","duration":1.5885999999995875,"failureMessages":[],"meta":{}},{"ancestorTitles":["DataServiceHelpers","getRecommendations"],"fullName":"DataServiceHelpers getRecommendations should return empty array when RPC fails","status":"passed","title":"should return empty array when RPC fails","duration":1.0615999999999985,"failureMessages":[],"meta":{}},{"ancestorTitles":["DataServiceHelpers","getUserRecentActivity"],"fullName":"DataServiceHelpers getUserRecentActivity should get user recent activity","status":"passed","title":"should get user recent activity","duration":2.290399999999863,"failureMessages":[],"meta":{}},{"ancestorTitles":["DataServiceHelpers","error handling"],"fullName":"DataServiceHelpers error handling should handle service errors gracefully","status":"passed","title":"should handle service errors gracefully","duration":1.2505000000001019,"failureMessages":[],"meta":{}}],"startTime":1752781523841,"endTime":1752781523882.2505,"status":"passed","message":"","name":"C:/Users/devel/Documents/Development/pokemon-card-marketplace/project/src/__tests__/unit/services/DataServiceHelpers.test.ts"},{"assertionResults":[{"ancestorTitles":["CreateUserProfileUseCase","execute"],"fullName":"CreateUserProfileUseCase execute should create user and profile successfully","status":"passed","title":"should create user and profile successfully","duration":10.202999999999975,"failureMessages":[],"meta":{}},{"ancestorTitles":["CreateUserProfileUseCase","execute"],"fullName":"CreateUserProfileUseCase execute should fail if passwords do not match","status":"passed","title":"should fail if passwords do not match","duration":1.927299999999832,"failureMessages":[],"meta":{}},{"ancestorTitles":["CreateUserProfileUseCase","execute"],"fullName":"CreateUserProfileUseCase execute should fail if display name is already taken","status":"passed","title":"should fail if display name is already taken","duration":1.619799999999941,"failureMessages":[],"meta":{}},{"ancestorTitles":["CreateUserProfileUseCase","execute"],"fullName":"CreateUserProfileUseCase execute should fail if auth service returns error","status":"passed","title":"should fail if auth service returns error","duration":1.8000999999999294,"failureMessages":[],"meta":{}},{"ancestorTitles":["CreateUserProfileUseCase","execute"],"fullName":"CreateUserProfileUseCase execute should handle email confirmation required","status":"passed","title":"should handle email confirmation required","duration":1.538300000000163,"failureMessages":[],"meta":{}},{"ancestorTitles":["CreateUserProfileUseCase","execute"],"fullName":"CreateUserProfileUseCase execute should handle unexpected errors","status":"passed","title":"should handle unexpected errors","duration":1.522899999999936,"failureMessages":[],"meta":{}}],"startTime":1752781530888,"endTime":1752781530906.523,"status":"passed","message":"","name":"C:/Users/devel/Documents/Development/pokemon-card-marketplace/project/src/__tests__/unit/use-cases/auth/CreateUserProfileUseCase.test.ts"},{"assertionResults":[{"ancestorTitles":["GetCurrentUserUseCase"],"fullName":"GetCurrentUserUseCase should return current user with profile when both exist","status":"passed","title":"should return current user with profile when both exist","duration":7.398400000000038,"failureMessages":[],"meta":{}},{"ancestorTitles":["GetCurrentUserUseCase"],"fullName":"GetCurrentUserUseCase should return current user without profile when profile does not exist","status":"passed","title":"should return current user without profile when profile does not exist","duration":1.529800000000023,"failureMessages":[],"meta":{}},{"ancestorTitles":["GetCurrentUserUseCase"],"fullName":"GetCurrentUserUseCase should return null user and profile when no user is authenticated","status":"passed","title":"should return null user and profile when no user is authenticated","duration":1.4318000000000666,"failureMessages":[],"meta":{}},{"ancestorTitles":["GetCurrentUserUseCase"],"fullName":"GetCurrentUserUseCase should handle auth service error gracefully","status":"passed","title":"should handle auth service error gracefully","duration":1.2800999999999476,"failureMessages":[],"meta":{}},{"ancestorTitles":["GetCurrentUserUseCase"],"fullName":"GetCurrentUserUseCase should handle user profile repository error gracefully","status":"passed","title":"should handle user profile repository error gracefully","duration":1.074100000000044,"failureMessages":[],"meta":{}},{"ancestorTitles":["GetCurrentUserUseCase"],"fullName":"GetCurrentUserUseCase should handle non-Error exceptions gracefully","status":"passed","title":"should handle non-Error exceptions gracefully","duration":0.8460000000000036,"failureMessages":[],"meta":{}},{"ancestorTitles":["GetCurrentUserUseCase"],"fullName":"GetCurrentUserUseCase should handle user with partial profile information","status":"passed","title":"should handle user with partial profile information","duration":1.206000000000131,"failureMessages":[],"meta":{}},{"ancestorTitles":["GetCurrentUserUseCase"],"fullName":"GetCurrentUserUseCase should handle user with zero balance correctly","status":"passed","title":"should handle user with zero balance correctly","duration":1.2966999999998734,"failureMessages":[],"meta":{}}],"startTime":1752781528199,"endTime":1752781528215.2966,"status":"passed","message":"","name":"C:/Users/devel/Documents/Development/pokemon-card-marketplace/project/src/__tests__/unit/use-cases/auth/GetCurrentUserUseCase.test.ts"},{"assertionResults":[{"ancestorTitles":["LoginUserUseCase","execute"],"fullName":"LoginUserUseCase execute should login user successfully with confirmed email","status":"passed","title":"should login user successfully with confirmed email","duration":11.661599999999908,"failureMessages":[],"meta":{}},{"ancestorTitles":["LoginUserUseCase","execute"],"fullName":"LoginUserUseCase execute should return error when auth service returns error","status":"passed","title":"should return error when auth service returns error","duration":2.066400000000158,"failureMessages":[],"meta":{}},{"ancestorTitles":["LoginUserUseCase","execute"],"fullName":"LoginUserUseCase execute should return error when user is null","status":"passed","title":"should return error when user is null","duration":1.482600000000275,"failureMessages":[],"meta":{}},{"ancestorTitles":["LoginUserUseCase","execute"],"fullName":"LoginUserUseCase execute should handle unconfirmed email","status":"passed","title":"should handle unconfirmed email","duration":1.371299999999792,"failureMessages":[],"meta":{}},{"ancestorTitles":["LoginUserUseCase","execute"],"fullName":"LoginUserUseCase execute should login successfully even if user profile is not found","status":"passed","title":"should login successfully even if user profile is not found","duration":1.3791999999998552,"failureMessages":[],"meta":{}},{"ancestorTitles":["LoginUserUseCase","execute"],"fullName":"LoginUserUseCase execute should handle auth service errors gracefully","status":"passed","title":"should handle auth service errors gracefully","duration":2.3036999999999352,"failureMessages":[],"meta":{}},{"ancestorTitles":["LoginUserUseCase","execute"],"fullName":"LoginUserUseCase execute should handle user profile repository errors gracefully","status":"passed","title":"should handle user profile repository errors gracefully","duration":1.6370999999999185,"failureMessages":[],"meta":{}},{"ancestorTitles":["LoginUserUseCase","execute"],"fullName":"LoginUserUseCase execute should handle unknown errors","status":"passed","title":"should handle unknown errors","duration":1.2463999999999942,"failureMessages":[],"meta":{}}],"startTime":1752781530973,"endTime":1752781530997.2463,"status":"passed","message":"","name":"C:/Users/devel/Documents/Development/pokemon-card-marketplace/project/src/__tests__/unit/use-cases/auth/LoginUserUseCase.test.ts"},{"assertionResults":[{"ancestorTitles":["GetCardCatalogUseCase","execute"],"fullName":"GetCardCatalogUseCase execute should get card catalog successfully","status":"passed","title":"should get card catalog successfully","duration":8.824600000000146,"failureMessages":[],"meta":{}},{"ancestorTitles":["GetCardCatalogUseCase","execute"],"fullName":"GetCardCatalogUseCase execute should use default parameters","status":"passed","title":"should use default parameters","duration":1.3337000000001353,"failureMessages":[],"meta":{}},{"ancestorTitles":["GetCardCatalogUseCase","execute"],"fullName":"GetCardCatalogUseCase execute should calculate hasMore correctly when no more pages","status":"passed","title":"should calculate hasMore correctly when no more pages","duration":0.8537999999998647,"failureMessages":[],"meta":{}},{"ancestorTitles":["GetCardCatalogUseCase","execute"],"fullName":"GetCardCatalogUseCase execute should validate limit parameter","status":"passed","title":"should validate limit parameter","duration":1.0122999999998683,"failureMessages":[],"meta":{}},{"ancestorTitles":["GetCardCatalogUseCase","execute"],"fullName":"GetCardCatalogUseCase execute should validate offset parameter","status":"passed","title":"should validate offset parameter","duration":0.8650000000000091,"failureMessages":[],"meta":{}},{"ancestorTitles":["GetCardCatalogUseCase","execute"],"fullName":"GetCardCatalogUseCase execute should handle repository errors gracefully","status":"passed","title":"should handle repository errors gracefully","duration":1.0670999999999822,"failureMessages":[],"meta":{}},{"ancestorTitles":["GetCardCatalogUseCase","execute"],"fullName":"GetCardCatalogUseCase execute should handle count repository errors gracefully","status":"passed","title":"should handle count repository errors gracefully","duration":0.8768000000000029,"failureMessages":[],"meta":{}},{"ancestorTitles":["GetCardCatalogUseCase","execute"],"fullName":"GetCardCatalogUseCase execute should handle unknown errors","status":"passed","title":"should handle unknown errors","duration":0.7867999999998574,"failureMessages":[],"meta":{}},{"ancestorTitles":["GetCardCatalogUseCase","execute"],"fullName":"GetCardCatalogUseCase execute should handle pagination correctly with different offsets","status":"passed","title":"should handle pagination correctly with different offsets","duration":1.0783000000001266,"failureMessages":[],"meta":{}},{"ancestorTitles":["GetCardCatalogUseCase","execute"],"fullName":"GetCardCatalogUseCase execute should handle last page correctly","status":"passed","title":"should handle last page correctly","duration":0.863800000000083,"failureMessages":[],"meta":{}}],"startTime":1752781528191,"endTime":1752781528208.8638,"status":"passed","message":"","name":"C:/Users/devel/Documents/Development/pokemon-card-marketplace/project/src/__tests__/unit/use-cases/card/GetCardCatalogUseCase.test.ts"},{"assertionResults":[{"ancestorTitles":["GetCardDetailsUseCase","execute"],"fullName":"GetCardDetailsUseCase execute should get card details successfully","status":"passed","title":"should get card details successfully","duration":4.518000000000029,"failureMessages":[],"meta":{}},{"ancestorTitles":["GetCardDetailsUseCase","execute"],"fullName":"GetCardDetailsUseCase execute should return error when card not found","status":"passed","title":"should return error when card not found","duration":0.6401000000000749,"failureMessages":[],"meta":{}},{"ancestorTitles":["GetCardDetailsUseCase","execute"],"fullName":"GetCardDetailsUseCase execute should handle repository errors gracefully","status":"passed","title":"should handle repository errors gracefully","duration":0.7234000000000833,"failureMessages":[],"meta":{}},{"ancestorTitles":["GetCardDetailsUseCase","execute"],"fullName":"GetCardDetailsUseCase execute should validate card ID parameter","status":"passed","title":"should validate card ID parameter","duration":0.7860000000000582,"failureMessages":[],"meta":{}},{"ancestorTitles":["GetCardDetailsUseCase","execute"],"fullName":"GetCardDetailsUseCase execute should handle null card ID","status":"passed","title":"should handle null card ID","duration":0.5594999999998436,"failureMessages":[],"meta":{}},{"ancestorTitles":["GetCardDetailsUseCase","execute"],"fullName":"GetCardDetailsUseCase execute should handle undefined card ID","status":"passed","title":"should handle undefined card ID","duration":0.43209999999999127,"failureMessages":[],"meta":{}}],"startTime":1752781534223,"endTime":1752781534231.4321,"status":"passed","message":"","name":"C:/Users/devel/Documents/Development/pokemon-card-marketplace/project/src/__tests__/unit/use-cases/card/GetCardDetailsUseCase.test.ts"},{"assertionResults":[{"ancestorTitles":["SearchCardsAdvancedUseCase","execute"],"fullName":"SearchCardsAdvancedUseCase execute should search cards with basic query","status":"passed","title":"should search cards with basic query","duration":11.63189999999986,"failureMessages":[],"meta":{}},{"ancestorTitles":["SearchCardsAdvancedUseCase","execute"],"fullName":"SearchCardsAdvancedUseCase execute should search cards with multiple filters","status":"passed","title":"should search cards with multiple filters","duration":2.3541000000000167,"failureMessages":[],"meta":{}},{"ancestorTitles":["SearchCardsAdvancedUseCase","execute"],"fullName":"SearchCardsAdvancedUseCase execute should apply sorting","status":"passed","title":"should apply sorting","duration":1.397000000000162,"failureMessages":[],"meta":{}},{"ancestorTitles":["SearchCardsAdvancedUseCase","execute"],"fullName":"SearchCardsAdvancedUseCase execute should handle pagination correctly","status":"passed","title":"should handle pagination correctly","duration":1.5253999999999905,"failureMessages":[],"meta":{}},{"ancestorTitles":["SearchCardsAdvancedUseCase","execute"],"fullName":"SearchCardsAdvancedUseCase execute should filter by price range","status":"passed","title":"should filter by price range","duration":1.5786999999997988,"failureMessages":[],"meta":{}},{"ancestorTitles":["SearchCardsAdvancedUseCase","execute"],"fullName":"SearchCardsAdvancedUseCase execute should handle empty results","status":"passed","title":"should handle empty results","duration":1.191000000000031,"failureMessages":[],"meta":{}},{"ancestorTitles":["SearchCardsAdvancedUseCase","execute"],"fullName":"SearchCardsAdvancedUseCase execute should filter by seller","status":"passed","title":"should filter by seller","duration":1.7857000000001335,"failureMessages":[],"meta":{}},{"ancestorTitles":["SearchCardsAdvancedUseCase","execute"],"fullName":"SearchCardsAdvancedUseCase execute should filter by multiple rarities","status":"passed","title":"should filter by multiple rarities","duration":1.6742000000001553,"failureMessages":[],"meta":{}}],"startTime":1752781526093,"endTime":1752781526116.6743,"status":"passed","message":"","name":"C:/Users/devel/Documents/Development/pokemon-card-marketplace/project/src/__tests__/unit/use-cases/card/SearchCardsAdvancedUseCase.test.ts"},{"assertionResults":[{"ancestorTitles":["SearchCardsUseCase","execute"],"fullName":"SearchCardsUseCase execute should search cards successfully with basic criteria","status":"passed","title":"should search cards successfully with basic criteria","duration":8.37130000000002,"failureMessages":[],"meta":{}},{"ancestorTitles":["SearchCardsUseCase","execute"],"fullName":"SearchCardsUseCase execute should use default values when not provided","status":"passed","title":"should use default values when not provided","duration":0.7131999999999152,"failureMessages":[],"meta":{}},{"ancestorTitles":["SearchCardsUseCase","execute"],"fullName":"SearchCardsUseCase execute should search cards with price range","status":"passed","title":"should search cards with price range","duration":0.5615999999999985,"failureMessages":[],"meta":{}},{"ancestorTitles":["SearchCardsUseCase","execute"],"fullName":"SearchCardsUseCase execute should search cards with all criteria","status":"passed","title":"should search cards with all criteria","duration":0.6561999999998989,"failureMessages":[],"meta":{}},{"ancestorTitles":["SearchCardsUseCase","execute"],"fullName":"SearchCardsUseCase execute should validate limit parameter","status":"passed","title":"should validate limit parameter","duration":4.002799999999979,"failureMessages":[],"meta":{}},{"ancestorTitles":["SearchCardsUseCase","execute"],"fullName":"SearchCardsUseCase execute should validate offset parameter","status":"passed","title":"should validate offset parameter","duration":1.2800999999999476,"failureMessages":[],"meta":{}},{"ancestorTitles":["SearchCardsUseCase","execute"],"fullName":"SearchCardsUseCase execute should validate price parameters","status":"passed","title":"should validate price parameters","duration":1.231800000000021,"failureMessages":[],"meta":{}},{"ancestorTitles":["SearchCardsUseCase","execute"],"fullName":"SearchCardsUseCase execute should handle repository search errors gracefully","status":"passed","title":"should handle repository search errors gracefully","duration":1.2344000000000506,"failureMessages":[],"meta":{}},{"ancestorTitles":["SearchCardsUseCase","execute"],"fullName":"SearchCardsUseCase execute should handle repository count errors gracefully","status":"passed","title":"should handle repository count errors gracefully","duration":0.8659000000000106,"failureMessages":[],"meta":{}},{"ancestorTitles":["SearchCardsUseCase","execute"],"fullName":"SearchCardsUseCase execute should handle unknown errors","status":"passed","title":"should handle unknown errors","duration":1.013700000000199,"failureMessages":[],"meta":{}},{"ancestorTitles":["SearchCardsUseCase","execute"],"fullName":"SearchCardsUseCase execute should calculate hasMore correctly","status":"passed","title":"should calculate hasMore correctly","duration":1.089200000000119,"failureMessages":[],"meta":{}},{"ancestorTitles":["SearchCardsUseCase","execute"],"fullName":"SearchCardsUseCase execute should map card data correctly to DTO","status":"passed","title":"should map card data correctly to DTO","duration":1.2932000000000698,"failureMessages":[],"meta":{}}],"startTime":1752781523839,"endTime":1752781523861.2932,"status":"passed","message":"","name":"C:/Users/devel/Documents/Development/pokemon-card-marketplace/project/src/__tests__/unit/use-cases/card/SearchCardsUseCase.test.ts"},{"assertionResults":[{"ancestorTitles":["AddToCartUseCase","execute"],"fullName":"AddToCartUseCase execute should add new item to cart successfully","status":"passed","title":"should add new item to cart successfully","duration":9.615199999999959,"failureMessages":[],"meta":{}},{"ancestorTitles":["AddToCartUseCase","execute"],"fullName":"AddToCartUseCase execute should update existing cart item quantity","status":"passed","title":"should update existing cart item quantity","duration":1.6170999999999367,"failureMessages":[],"meta":{}},{"ancestorTitles":["AddToCartUseCase","execute"],"fullName":"AddToCartUseCase execute should return error when card does not exist","status":"passed","title":"should return error when card does not exist","duration":1.831899999999905,"failureMessages":[],"meta":{}},{"ancestorTitles":["AddToCartUseCase","execute"],"fullName":"AddToCartUseCase execute should handle card repository errors","status":"passed","title":"should handle card repository errors","duration":1.8979999999999109,"failureMessages":[],"meta":{}},{"ancestorTitles":["AddToCartUseCase","execute"],"fullName":"AddToCartUseCase execute should handle cart repository add errors","status":"passed","title":"should handle cart repository add errors","duration":1.7687000000000808,"failureMessages":[],"meta":{}},{"ancestorTitles":["AddToCartUseCase","execute"],"fullName":"AddToCartUseCase execute should handle cart repository update errors","status":"passed","title":"should handle cart repository update errors","duration":1.581899999999905,"failureMessages":[],"meta":{}},{"ancestorTitles":["AddToCartUseCase","execute"],"fullName":"AddToCartUseCase execute should handle unknown errors","status":"passed","title":"should handle unknown errors","duration":1.287599999999884,"failureMessages":[],"meta":{}},{"ancestorTitles":["AddToCartUseCase","execute"],"fullName":"AddToCartUseCase execute should include correct card information in response","status":"passed","title":"should include correct card information in response","duration":2.4756999999999607,"failureMessages":[],"meta":{}}],"startTime":1752781528164,"endTime":1752781528186.4756,"status":"passed","message":"","name":"C:/Users/devel/Documents/Development/pokemon-card-marketplace/project/src/__tests__/unit/use-cases/cart/AddToCartUseCase.test.ts"},{"assertionResults":[{"ancestorTitles":["ClearCartUseCase","execute"],"fullName":"ClearCartUseCase execute should clear cart successfully","status":"passed","title":"should clear cart successfully","duration":6.505200000000059,"failureMessages":[],"meta":{}},{"ancestorTitles":["ClearCartUseCase","execute"],"fullName":"ClearCartUseCase execute should validate userId parameter","status":"passed","title":"should validate userId parameter","duration":1.3995000000002165,"failureMessages":[],"meta":{}},{"ancestorTitles":["ClearCartUseCase","execute"],"fullName":"ClearCartUseCase execute should return error when repository clear fails","status":"passed","title":"should return error when repository clear fails","duration":0.9294999999999618,"failureMessages":[],"meta":{}},{"ancestorTitles":["ClearCartUseCase","execute"],"fullName":"ClearCartUseCase execute should handle repository errors gracefully","status":"passed","title":"should handle repository errors gracefully","duration":1.0699999999999363,"failureMessages":[],"meta":{}},{"ancestorTitles":["ClearCartUseCase","execute"],"fullName":"ClearCartUseCase execute should handle unknown errors","status":"passed","title":"should handle unknown errors","duration":0.8304999999998017,"failureMessages":[],"meta":{}},{"ancestorTitles":["ClearCartUseCase","execute"],"fullName":"ClearCartUseCase execute should handle valid user IDs","status":"passed","title":"should handle valid user IDs","duration":2.0751000000000204,"failureMessages":[],"meta":{}},{"ancestorTitles":["ClearCartUseCase","execute"],"fullName":"ClearCartUseCase execute should clear cart even for users with no items","status":"passed","title":"should clear cart even for users with no items","duration":0.8755000000001019,"failureMessages":[],"meta":{}}],"startTime":1752781532940,"endTime":1752781532953.8755,"status":"passed","message":"","name":"C:/Users/devel/Documents/Development/pokemon-card-marketplace/project/src/__tests__/unit/use-cases/cart/ClearCartUseCase.test.ts"},{"assertionResults":[{"ancestorTitles":["GetCartUseCase","execute"],"fullName":"GetCartUseCase execute should get cart successfully with items","status":"passed","title":"should get cart successfully with items","duration":9.766200000000026,"failureMessages":[],"meta":{}},{"ancestorTitles":["GetCartUseCase","execute"],"fullName":"GetCartUseCase execute should return empty cart when no items found","status":"passed","title":"should return empty cart when no items found","duration":2.923999999999978,"failureMessages":[],"meta":{}},{"ancestorTitles":["GetCartUseCase","execute"],"fullName":"GetCartUseCase execute should handle missing card data gracefully","status":"passed","title":"should handle missing card data gracefully","duration":2.787399999999934,"failureMessages":[],"meta":{}},{"ancestorTitles":["GetCartUseCase","execute"],"fullName":"GetCartUseCase execute should validate userId parameter","status":"passed","title":"should validate userId parameter","duration":1.5013000000001284,"failureMessages":[],"meta":{}},{"ancestorTitles":["GetCartUseCase","execute"],"fullName":"GetCartUseCase execute should handle multiple cart items correctly","status":"passed","title":"should handle multiple cart items correctly","duration":2.5615000000000236,"failureMessages":[],"meta":{}},{"ancestorTitles":["GetCartUseCase","execute"],"fullName":"GetCartUseCase execute should handle cart repository errors gracefully","status":"passed","title":"should handle cart repository errors gracefully","duration":2.0506000000000313,"failureMessages":[],"meta":{}},{"ancestorTitles":["GetCartUseCase","execute"],"fullName":"GetCartUseCase execute should handle card repository errors gracefully","status":"passed","title":"should handle card repository errors gracefully","duration":2.1124999999999545,"failureMessages":[],"meta":{}},{"ancestorTitles":["GetCartUseCase","execute"],"fullName":"GetCartUseCase execute should handle unknown errors","status":"passed","title":"should handle unknown errors","duration":1.8453999999999269,"failureMessages":[],"meta":{}}],"startTime":1752781526089,"endTime":1752781526114.8455,"status":"passed","message":"","name":"C:/Users/devel/Documents/Development/pokemon-card-marketplace/project/src/__tests__/unit/use-cases/cart/GetCartUseCase.test.ts"},{"assertionResults":[{"ancestorTitles":["RemoveFromCartUseCase","execute"],"fullName":"RemoveFromCartUseCase execute should remove cart item successfully","status":"passed","title":"should remove cart item successfully","duration":4.663999999999987,"failureMessages":[],"meta":{}},{"ancestorTitles":["RemoveFromCartUseCase","execute"],"fullName":"RemoveFromCartUseCase execute should validate cart item ID parameter","status":"passed","title":"should validate cart item ID parameter","duration":1.1756000000000313,"failureMessages":[],"meta":{}},{"ancestorTitles":["RemoveFromCartUseCase","execute"],"fullName":"RemoveFromCartUseCase execute should return error when repository remove fails","status":"passed","title":"should return error when repository remove fails","duration":0.5588999999999942,"failureMessages":[],"meta":{}},{"ancestorTitles":["RemoveFromCartUseCase","execute"],"fullName":"RemoveFromCartUseCase execute should handle repository errors gracefully","status":"passed","title":"should handle repository errors gracefully","duration":0.6117999999999029,"failureMessages":[],"meta":{}},{"ancestorTitles":["RemoveFromCartUseCase","execute"],"fullName":"RemoveFromCartUseCase execute should handle unknown errors","status":"passed","title":"should handle unknown errors","duration":0.4494999999999436,"failureMessages":[],"meta":{}},{"ancestorTitles":["RemoveFromCartUseCase","execute"],"fullName":"RemoveFromCartUseCase execute should handle valid non-empty cart item IDs","status":"passed","title":"should handle valid non-empty cart item IDs","duration":0.8481000000001586,"failureMessages":[],"meta":{}}],"startTime":1752781534122,"endTime":1752781534130.8481,"status":"passed","message":"","name":"C:/Users/devel/Documents/Development/pokemon-card-marketplace/project/src/__tests__/unit/use-cases/cart/RemoveFromCartUseCase.test.ts"},{"assertionResults":[{"ancestorTitles":["UpdateCartItemUseCase","execute"],"fullName":"UpdateCartItemUseCase execute should update cart item quantity successfully","status":"passed","title":"should update cart item quantity successfully","duration":8.415399999999863,"failureMessages":[],"meta":{}},{"ancestorTitles":["UpdateCartItemUseCase","execute"],"fullName":"UpdateCartItemUseCase execute should validate cartItemId parameter","status":"passed","title":"should validate cartItemId parameter","duration":1.4641999999998916,"failureMessages":[],"meta":{}},{"ancestorTitles":["UpdateCartItemUseCase","execute"],"fullName":"UpdateCartItemUseCase execute should validate quantity parameter - positive integers only","status":"passed","title":"should validate quantity parameter - positive integers only","duration":1.3283000000001266,"failureMessages":[],"meta":{}},{"ancestorTitles":["UpdateCartItemUseCase","execute"],"fullName":"UpdateCartItemUseCase execute should validate maximum quantity limit","status":"passed","title":"should validate maximum quantity limit","duration":1.0444000000002234,"failureMessages":[],"meta":{}},{"ancestorTitles":["UpdateCartItemUseCase","execute"],"fullName":"UpdateCartItemUseCase execute should accept valid quantity ranges","status":"passed","title":"should accept valid quantity ranges","duration":2.3897000000001754,"failureMessages":[],"meta":{}},{"ancestorTitles":["UpdateCartItemUseCase","execute"],"fullName":"UpdateCartItemUseCase execute should handle repository errors gracefully","status":"passed","title":"should handle repository errors gracefully","duration":1.6152999999999338,"failureMessages":[],"meta":{}},{"ancestorTitles":["UpdateCartItemUseCase","execute"],"fullName":"UpdateCartItemUseCase execute should handle cart item not found errors","status":"passed","title":"should handle cart item not found errors","duration":1.0371000000000095,"failureMessages":[],"meta":{}},{"ancestorTitles":["UpdateCartItemUseCase","execute"],"fullName":"UpdateCartItemUseCase execute should handle unknown errors","status":"passed","title":"should handle unknown errors","duration":0.8542999999999665,"failureMessages":[],"meta":{}},{"ancestorTitles":["UpdateCartItemUseCase","execute"],"fullName":"UpdateCartItemUseCase execute should update different cart items correctly","status":"passed","title":"should update different cart items correctly","duration":1.5208999999999833,"failureMessages":[],"meta":{}}],"startTime":1752781530921,"endTime":1752781530941.521,"status":"passed","message":"","name":"C:/Users/devel/Documents/Development/pokemon-card-marketplace/project/src/__tests__/unit/use-cases/cart/UpdateCartItemUseCase.test.ts"},{"assertionResults":[{"ancestorTitles":["AddToCollectionUseCase","execute"],"fullName":"AddToCollectionUseCase execute should add new card to collection successfully","status":"passed","title":"should add new card to collection successfully","duration":11.554499999999962,"failureMessages":[],"meta":{}},{"ancestorTitles":["AddToCollectionUseCase","execute"],"fullName":"AddToCollectionUseCase execute should update existing collection entry with same condition","status":"passed","title":"should update existing collection entry with same condition","duration":1.855199999999968,"failureMessages":[],"meta":{}},{"ancestorTitles":["AddToCollectionUseCase","execute"],"fullName":"AddToCollectionUseCase execute should create new entry for existing card with different condition","status":"passed","title":"should create new entry for existing card with different condition","duration":1.542699999999968,"failureMessages":[],"meta":{}},{"ancestorTitles":["AddToCollectionUseCase","execute"],"fullName":"AddToCollectionUseCase execute should return error when card does not exist","status":"passed","title":"should return error when card does not exist","duration":0.9664000000000215,"failureMessages":[],"meta":{}},{"ancestorTitles":["AddToCollectionUseCase","execute"],"fullName":"AddToCollectionUseCase execute should handle collection repository errors during add","status":"passed","title":"should handle collection repository errors during add","duration":1.1321000000000367,"failureMessages":[],"meta":{}},{"ancestorTitles":["AddToCollectionUseCase","execute"],"fullName":"AddToCollectionUseCase execute should handle collection repository errors during update","status":"passed","title":"should handle collection repository errors during update","duration":1.3977000000002135,"failureMessages":[],"meta":{}},{"ancestorTitles":["AddToCollectionUseCase","execute"],"fullName":"AddToCollectionUseCase execute should handle card repository errors","status":"passed","title":"should handle card repository errors","duration":1.6512000000002445,"failureMessages":[],"meta":{}},{"ancestorTitles":["AddToCollectionUseCase","execute"],"fullName":"AddToCollectionUseCase execute should handle unknown errors","status":"passed","title":"should handle unknown errors","duration":1.6588000000001557,"failureMessages":[],"meta":{}},{"ancestorTitles":["AddToCollectionUseCase","execute"],"fullName":"AddToCollectionUseCase execute should handle collection entry without notes","status":"passed","title":"should handle collection entry without notes","duration":1.2529999999997017,"failureMessages":[],"meta":{}}],"startTime":1752781523873,"endTime":1752781523896.253,"status":"passed","message":"","name":"C:/Users/devel/Documents/Development/pokemon-card-marketplace/project/src/__tests__/unit/use-cases/collection/AddToCollectionUseCase.test.ts"},{"assertionResults":[{"ancestorTitles":["GetUserCollectionUseCase","execute"],"fullName":"GetUserCollectionUseCase execute should get user collection successfully with multiple entries","status":"passed","title":"should get user collection successfully with multiple entries","duration":11.26559999999995,"failureMessages":[],"meta":{}},{"ancestorTitles":["GetUserCollectionUseCase","execute"],"fullName":"GetUserCollectionUseCase execute should return empty collection when no entries found","status":"passed","title":"should return empty collection when no entries found","duration":2.3990000000001146,"failureMessages":[],"meta":{}},{"ancestorTitles":["GetUserCollectionUseCase","execute"],"fullName":"GetUserCollectionUseCase execute should handle missing card data gracefully","status":"passed","title":"should handle missing card data gracefully","duration":2.368099999999913,"failureMessages":[],"meta":{}},{"ancestorTitles":["GetUserCollectionUseCase","execute"],"fullName":"GetUserCollectionUseCase execute should validate userId parameter","status":"passed","title":"should validate userId parameter","duration":1.6941999999999098,"failureMessages":[],"meta":{}},{"ancestorTitles":["GetUserCollectionUseCase","execute"],"fullName":"GetUserCollectionUseCase execute should handle collection repository errors","status":"passed","title":"should handle collection repository errors","duration":1.7075999999999567,"failureMessages":[],"meta":{}},{"ancestorTitles":["GetUserCollectionUseCase","execute"],"fullName":"GetUserCollectionUseCase execute should handle card repository errors","status":"passed","title":"should handle card repository errors","duration":1.6555000000000746,"failureMessages":[],"meta":{}},{"ancestorTitles":["GetUserCollectionUseCase","execute"],"fullName":"GetUserCollectionUseCase execute should handle count repository errors","status":"passed","title":"should handle count repository errors","duration":1.5691999999999098,"failureMessages":[],"meta":{}},{"ancestorTitles":["GetUserCollectionUseCase","execute"],"fullName":"GetUserCollectionUseCase execute should handle unknown errors","status":"passed","title":"should handle unknown errors","duration":1.6440000000000055,"failureMessages":[],"meta":{}},{"ancestorTitles":["GetUserCollectionUseCase","execute"],"fullName":"GetUserCollectionUseCase execute should calculate profit/loss correctly","status":"passed","title":"should calculate profit/loss correctly","duration":1.530699999999797,"failureMessages":[],"meta":{}}],"startTime":1752781526022,"endTime":1752781526048.5308,"status":"passed","message":"","name":"C:/Users/devel/Documents/Development/pokemon-card-marketplace/project/src/__tests__/unit/use-cases/collection/GetUserCollectionUseCase.test.ts"},{"assertionResults":[{"ancestorTitles":["RemoveFromCollectionUseCase"],"fullName":"RemoveFromCollectionUseCase should successfully remove card from collection","status":"passed","title":"should successfully remove card from collection","duration":7.04729999999995,"failureMessages":[],"meta":{}},{"ancestorTitles":["RemoveFromCollectionUseCase"],"fullName":"RemoveFromCollectionUseCase should fail when userId is empty","status":"passed","title":"should fail when userId is empty","duration":1.2110999999999876,"failureMessages":[],"meta":{}},{"ancestorTitles":["RemoveFromCollectionUseCase"],"fullName":"RemoveFromCollectionUseCase should fail when userId is only whitespace","status":"passed","title":"should fail when userId is only whitespace","duration":0.6813999999999396,"failureMessages":[],"meta":{}},{"ancestorTitles":["RemoveFromCollectionUseCase"],"fullName":"RemoveFromCollectionUseCase should fail when cardId is empty","status":"passed","title":"should fail when cardId is empty","duration":0.7330999999999221,"failureMessages":[],"meta":{}},{"ancestorTitles":["RemoveFromCollectionUseCase"],"fullName":"RemoveFromCollectionUseCase should fail when cardId is only whitespace","status":"passed","title":"should fail when cardId is only whitespace","duration":0.6521000000000186,"failureMessages":[],"meta":{}},{"ancestorTitles":["RemoveFromCollectionUseCase"],"fullName":"RemoveFromCollectionUseCase should fail when card is not found in collection","status":"passed","title":"should fail when card is not found in collection","duration":0.8480999999999312,"failureMessages":[],"meta":{}},{"ancestorTitles":["RemoveFromCollectionUseCase"],"fullName":"RemoveFromCollectionUseCase should fail when repository removeCard returns false","status":"passed","title":"should fail when repository removeCard returns false","duration":0.892699999999877,"failureMessages":[],"meta":{}},{"ancestorTitles":["RemoveFromCollectionUseCase"],"fullName":"RemoveFromCollectionUseCase should handle repository findByUserIdAndCardId error gracefully","status":"passed","title":"should handle repository findByUserIdAndCardId error gracefully","duration":1.300899999999956,"failureMessages":[],"meta":{}},{"ancestorTitles":["RemoveFromCollectionUseCase"],"fullName":"RemoveFromCollectionUseCase should handle repository removeCard error gracefully","status":"passed","title":"should handle repository removeCard error gracefully","duration":1.1359999999999673,"failureMessages":[],"meta":{}},{"ancestorTitles":["RemoveFromCollectionUseCase"],"fullName":"RemoveFromCollectionUseCase should handle non-Error exceptions gracefully","status":"passed","title":"should handle non-Error exceptions gracefully","duration":0.9574999999999818,"failureMessages":[],"meta":{}}],"startTime":1752781532879,"endTime":1752781532894.9575,"status":"passed","message":"","name":"C:/Users/devel/Documents/Development/pokemon-card-marketplace/project/src/__tests__/unit/use-cases/collection/RemoveFromCollectionUseCase.test.ts"},{"assertionResults":[{"ancestorTitles":["GetDashboardStatsUseCase"],"fullName":"GetDashboardStatsUseCase should return complete dashboard stats successfully","status":"passed","title":"should return complete dashboard stats successfully","duration":10.910399999999981,"failureMessages":[],"meta":{}},{"ancestorTitles":["GetDashboardStatsUseCase"],"fullName":"GetDashboardStatsUseCase should handle revenue calculation with basic data service calls","status":"passed","title":"should handle revenue calculation with basic data service calls","duration":1.5377000000000862,"failureMessages":[],"meta":{}},{"ancestorTitles":["GetDashboardStatsUseCase"],"fullName":"GetDashboardStatsUseCase should handle basic successful scenario with all data","status":"passed","title":"should handle basic successful scenario with all data","duration":1.06450000000018,"failureMessages":[],"meta":{}},{"ancestorTitles":["GetDashboardStatsUseCase"],"fullName":"GetDashboardStatsUseCase should calculate growth percentage correctly","status":"passed","title":"should calculate growth percentage correctly","duration":1.0235999999999876,"failureMessages":[],"meta":{}},{"ancestorTitles":["GetDashboardStatsUseCase"],"fullName":"GetDashboardStatsUseCase should handle zero previous values in growth calculation","status":"passed","title":"should handle zero previous values in growth calculation","duration":0.926300000000083,"failureMessages":[],"meta":{}},{"ancestorTitles":["GetDashboardStatsUseCase"],"fullName":"GetDashboardStatsUseCase should return default values when main execution fails","status":"passed","title":"should return default values when main execution fails","duration":1.5531999999998334,"failureMessages":[],"meta":{}},{"ancestorTitles":["GetDashboardStatsUseCase"],"fullName":"GetDashboardStatsUseCase should handle getStatsByPeriod successfully","status":"passed","title":"should handle getStatsByPeriod successfully","duration":3.8678999999999633,"failureMessages":[],"meta":{}},{"ancestorTitles":["GetDashboardStatsUseCase"],"fullName":"GetDashboardStatsUseCase should handle getStatsByPeriod errors gracefully","status":"passed","title":"should handle getStatsByPeriod errors gracefully","duration":0.8462999999999283,"failureMessages":[],"meta":{}},{"ancestorTitles":["GetDashboardStatsUseCase"],"fullName":"GetDashboardStatsUseCase should handle revenue calculation errors gracefully","status":"passed","title":"should handle revenue calculation errors gracefully","duration":0.8942999999999302,"failureMessages":[],"meta":{}},{"ancestorTitles":["GetDashboardStatsUseCase"],"fullName":"GetDashboardStatsUseCase should handle popular cards query errors gracefully","status":"passed","title":"should handle popular cards query errors gracefully","duration":0.9143999999998869,"failureMessages":[],"meta":{}},{"ancestorTitles":["GetDashboardStatsUseCase"],"fullName":"GetDashboardStatsUseCase should handle recent transactions query errors gracefully","status":"passed","title":"should handle recent transactions query errors gracefully","duration":0.9445000000000618,"failureMessages":[],"meta":{}}],"startTime":1752781526116,"endTime":1752781526140.9446,"status":"passed","message":"","name":"C:/Users/devel/Documents/Development/pokemon-card-marketplace/project/src/__tests__/unit/use-cases/dashboard/GetDashboardStatsUseCase.test.ts"},{"assertionResults":[{"ancestorTitles":["ProcessCardTransactionUseCase"],"fullName":"ProcessCardTransactionUseCase should successfully process a card transaction","status":"passed","title":"should successfully process a card transaction","duration":10.5003999999999,"failureMessages":[],"meta":{}},{"ancestorTitles":["ProcessCardTransactionUseCase"],"fullName":"ProcessCardTransactionUseCase should throw error when buyer and seller are the same","status":"passed","title":"should throw error when buyer and seller are the same","duration":3.6375000000000455,"failureMessages":[],"meta":{}},{"ancestorTitles":["ProcessCardTransactionUseCase"],"fullName":"ProcessCardTransactionUseCase should throw error when card is not found","status":"passed","title":"should throw error when card is not found","duration":1.2898999999999887,"failureMessages":[],"meta":{}},{"ancestorTitles":["ProcessCardTransactionUseCase"],"fullName":"ProcessCardTransactionUseCase should throw error when seller does not own the card","status":"passed","title":"should throw error when seller does not own the card","duration":2.1468999999999596,"failureMessages":[],"meta":{}},{"ancestorTitles":["ProcessCardTransactionUseCase"],"fullName":"ProcessCardTransactionUseCase should throw error when seller does not have enough cards in stock","status":"passed","title":"should throw error when seller does not have enough cards in stock","duration":0.63149999999996,"failureMessages":[],"meta":{}},{"ancestorTitles":["ProcessCardTransactionUseCase"],"fullName":"ProcessCardTransactionUseCase should throw error when buyer profile is not found","status":"passed","title":"should throw error when buyer profile is not found","duration":0.5923000000000229,"failureMessages":[],"meta":{}},{"ancestorTitles":["ProcessCardTransactionUseCase"],"fullName":"ProcessCardTransactionUseCase should throw error when buyer has insufficient balance","status":"passed","title":"should throw error when buyer has insufficient balance","duration":0.8517000000001644,"failureMessages":[],"meta":{}},{"ancestorTitles":["ProcessCardTransactionUseCase"],"fullName":"ProcessCardTransactionUseCase should throw error when sale creation fails","status":"passed","title":"should throw error when sale creation fails","duration":0.7395999999998821,"failureMessages":[],"meta":{}},{"ancestorTitles":["ProcessCardTransactionUseCase"],"fullName":"ProcessCardTransactionUseCase should throw error when purchase creation fails","status":"passed","title":"should throw error when purchase creation fails","duration":1.248199999999997,"failureMessages":[],"meta":{}},{"ancestorTitles":["ProcessCardTransactionUseCase"],"fullName":"ProcessCardTransactionUseCase should handle transaction with exact balance","status":"passed","title":"should handle transaction with exact balance","duration":1.76299999999992,"failureMessages":[],"meta":{}}],"startTime":1752781528087,"endTime":1752781528110.763,"status":"passed","message":"","name":"C:/Users/devel/Documents/Development/pokemon-card-marketplace/project/src/__tests__/unit/use-cases/transaction/ProcessCardTransactionUseCase.test.ts"},{"assertionResults":[{"ancestorTitles":["SupabaseCardRepository","findById"],"fullName":"SupabaseCardRepository findById should find card by ID successfully","status":"passed","title":"should find card by ID successfully","duration":7.275199999999586,"failureMessages":[],"meta":{}},{"ancestorTitles":["SupabaseCardRepository","findById"],"fullName":"SupabaseCardRepository findById should return null when card not found","status":"passed","title":"should return null when card not found","duration":0.7961999999997715,"failureMessages":[],"meta":{}},{"ancestorTitles":["SupabaseCardRepository","findById"],"fullName":"SupabaseCardRepository findById should return null when database error occurs","status":"passed","title":"should return null when database error occurs","duration":0.5779999999999745,"failureMessages":[],"meta":{}},{"ancestorTitles":["SupabaseCardRepository","search"],"fullName":"SupabaseCardRepository search should search cards by name successfully","status":"passed","title":"should search cards by name successfully","duration":2.282799999999952,"failureMessages":[],"meta":{}},{"ancestorTitles":["SupabaseCardRepository","search"],"fullName":"SupabaseCardRepository search should search cards by set successfully","status":"passed","title":"should search cards by set successfully","duration":0.7638000000001739,"failureMessages":[],"meta":{}},{"ancestorTitles":["SupabaseCardRepository","search"],"fullName":"SupabaseCardRepository search should search cards by rarity successfully","status":"passed","title":"should search cards by rarity successfully","duration":0.6826000000000931,"failureMessages":[],"meta":{}},{"ancestorTitles":["SupabaseCardRepository","search"],"fullName":"SupabaseCardRepository search should search cards by type successfully","status":"passed","title":"should search cards by type successfully","duration":0.8108999999999469,"failureMessages":[],"meta":{}},{"ancestorTitles":["SupabaseCardRepository","search"],"fullName":"SupabaseCardRepository search should search with multiple criteria","status":"passed","title":"should search with multiple criteria","duration":0.9839000000001761,"failureMessages":[],"meta":{}},{"ancestorTitles":["SupabaseCardRepository","search"],"fullName":"SupabaseCardRepository search should return empty array when search fails","status":"passed","title":"should return empty array when search fails","duration":0.5881999999996879,"failureMessages":[],"meta":{}},{"ancestorTitles":["SupabaseCardRepository","findAll"],"fullName":"SupabaseCardRepository findAll should find all cards with default pagination","status":"passed","title":"should find all cards with default pagination","duration":1.871299999999792,"failureMessages":[],"meta":{}},{"ancestorTitles":["SupabaseCardRepository","findAll"],"fullName":"SupabaseCardRepository findAll should find all cards with custom pagination","status":"passed","title":"should find all cards with custom pagination","duration":0.7817000000000007,"failureMessages":[],"meta":{}},{"ancestorTitles":["SupabaseCardRepository","findAll"],"fullName":"SupabaseCardRepository findAll should return empty array when no cards found","status":"passed","title":"should return empty array when no cards found","duration":0.5003999999998996,"failureMessages":[],"meta":{}},{"ancestorTitles":["SupabaseCardRepository","findAll"],"fullName":"SupabaseCardRepository findAll should return empty array when database error occurs","status":"passed","title":"should return empty array when database error occurs","duration":0.43220000000019354,"failureMessages":[],"meta":{}}],"startTime":1752781530951,"endTime":1752781530970.5005,"status":"passed","message":"","name":"C:/Users/devel/Documents/Development/pokemon-card-marketplace/project/src/__tests__/unit/infrastructure/driven/repositories/SupabaseCardRepository.test.ts"},{"assertionResults":[{"ancestorTitles":["SupabaseCartRepository","addItem"],"fullName":"SupabaseCartRepository addItem should successfully add item to cart","status":"passed","title":"should successfully add item to cart","duration":8.488400000000183,"failureMessages":[],"meta":{}},{"ancestorTitles":["SupabaseCartRepository","addItem"],"fullName":"SupabaseCartRepository addItem should throw error when database insert fails","status":"passed","title":"should throw error when database insert fails","duration":3.517700000000332,"failureMessages":[],"meta":{}},{"ancestorTitles":["SupabaseCartRepository","addItem"],"fullName":"SupabaseCartRepository addItem should handle unknown errors gracefully","status":"passed","title":"should handle unknown errors gracefully","duration":1.2266999999997097,"failureMessages":[],"meta":{}},{"ancestorTitles":["SupabaseCartRepository","findByUserId"],"fullName":"SupabaseCartRepository findByUserId should return cart items for user","status":"passed","title":"should return cart items for user","duration":4.333000000000084,"failureMessages":[],"meta":{}},{"ancestorTitles":["SupabaseCartRepository","findByUserId"],"fullName":"SupabaseCartRepository findByUserId should return empty array when no items found","status":"passed","title":"should return empty array when no items found","duration":1.0046000000002095,"failureMessages":[],"meta":{}},{"ancestorTitles":["SupabaseCartRepository","findByUserId"],"fullName":"SupabaseCartRepository findByUserId should return empty array when database error occurs","status":"passed","title":"should return empty array when database error occurs","duration":1.3184999999998581,"failureMessages":[],"meta":{}},{"ancestorTitles":["SupabaseCartRepository","findByUserId"],"fullName":"SupabaseCartRepository findByUserId should handle null data response","status":"passed","title":"should handle null data response","duration":1.0877000000000407,"failureMessages":[],"meta":{}},{"ancestorTitles":["SupabaseCartRepository","findByUserIdAndCardId"],"fullName":"SupabaseCartRepository findByUserIdAndCardId should return cart item when found","status":"passed","title":"should return cart item when found","duration":1.357300000000123,"failureMessages":[],"meta":{}},{"ancestorTitles":["SupabaseCartRepository","findByUserIdAndCardId"],"fullName":"SupabaseCartRepository findByUserIdAndCardId should return null when item not found","status":"passed","title":"should return null when item not found","duration":1.018000000000029,"failureMessages":[],"meta":{}},{"ancestorTitles":["SupabaseCartRepository","findByUserIdAndCardId"],"fullName":"SupabaseCartRepository findByUserIdAndCardId should return null when exception occurs","status":"passed","title":"should return null when exception occurs","duration":1.3609000000001288,"failureMessages":[],"meta":{}},{"ancestorTitles":["SupabaseCartRepository","updateQuantity"],"fullName":"SupabaseCartRepository updateQuantity should successfully update quantity","status":"passed","title":"should successfully update quantity","duration":3.353099999999813,"failureMessages":[],"meta":{}},{"ancestorTitles":["SupabaseCartRepository","updateQuantity"],"fullName":"SupabaseCartRepository updateQuantity should throw error when update fails","status":"passed","title":"should throw error when update fails","duration":1.4520000000002256,"failureMessages":[],"meta":{}},{"ancestorTitles":["SupabaseCartRepository","removeItem"],"fullName":"SupabaseCartRepository removeItem should successfully remove item","status":"passed","title":"should successfully remove item","duration":1.2903999999998632,"failureMessages":[],"meta":{}},{"ancestorTitles":["SupabaseCartRepository","removeItem"],"fullName":"SupabaseCartRepository removeItem should return false when remove fails","status":"passed","title":"should return false when remove fails","duration":0.7397999999998319,"failureMessages":[],"meta":{}},{"ancestorTitles":["SupabaseCartRepository","removeItem"],"fullName":"SupabaseCartRepository removeItem should return false when exception occurs","status":"passed","title":"should return false when exception occurs","duration":0.8451000000000022,"failureMessages":[],"meta":{}},{"ancestorTitles":["SupabaseCartRepository","clearCart"],"fullName":"SupabaseCartRepository clearCart should successfully clear cart","status":"passed","title":"should successfully clear cart","duration":1.6564000000003034,"failureMessages":[],"meta":{}},{"ancestorTitles":["SupabaseCartRepository","clearCart"],"fullName":"SupabaseCartRepository clearCart should return false when clear fails","status":"passed","title":"should return false when clear fails","duration":2.0680999999999585,"failureMessages":[],"meta":{}},{"ancestorTitles":["SupabaseCartRepository","getTotalItems"],"fullName":"SupabaseCartRepository getTotalItems should calculate total items correctly","status":"passed","title":"should calculate total items correctly","duration":1.9868000000001302,"failureMessages":[],"meta":{}},{"ancestorTitles":["SupabaseCartRepository","getTotalItems"],"fullName":"SupabaseCartRepository getTotalItems should return 0 when no items found","status":"passed","title":"should return 0 when no items found","duration":1.2797999999997955,"failureMessages":[],"meta":{}},{"ancestorTitles":["SupabaseCartRepository","getTotalItems"],"fullName":"SupabaseCartRepository getTotalItems should return 0 when error occurs","status":"passed","title":"should return 0 when error occurs","duration":1.1757000000002336,"failureMessages":[],"meta":{}},{"ancestorTitles":["SupabaseCartRepository","getTotalPrice"],"fullName":"SupabaseCartRepository getTotalPrice should calculate total price correctly","status":"passed","title":"should calculate total price correctly","duration":1.8949999999999818,"failureMessages":[],"meta":{}},{"ancestorTitles":["SupabaseCartRepository","getTotalPrice"],"fullName":"SupabaseCartRepository getTotalPrice should return 0 when no items found","status":"passed","title":"should return 0 when no items found","duration":1.0198999999997795,"failureMessages":[],"meta":{}},{"ancestorTitles":["SupabaseCartRepository","clearExpiredItems"],"fullName":"SupabaseCartRepository clearExpiredItems should clear expired items and return count","status":"passed","title":"should clear expired items and return count",
[...]
"column":851},"end":{"line":29,"column":1}},"line":1}},"f":{"0":0}},"C:\\Users\\devel\\Documents\\Development\\pokemon-card-marketplace\\project\\src\\application\\ports\\repositories\\IPurchaseRepository.ts":{"path":"C:\\Users\\devel\\Documents\\Development\\pokemon-card-marketplace\\project\\src\\application\\ports\\repositories\\IPurchaseRepository.ts","all":true,"statementMap":{"0":{"start":{"line":1,"column":0},"end":{"line":1,"column":61}}},"s":{"0":0},"branchMap":{"0":{"type":"branch","line":1,"loc":{"start":{"line":1,"column":1962},"end":{"line":66,"column":1}},"locations":[{"start":{"line":1,"column":1962},"end":{"line":66,"column":1}}]}},"b":{"0":[0]},"fnMap":{"0":{"name":"(empty-report)","decl":{"start":{"line":1,"column":1962},"end":{"line":66,"column":1}},"loc":{"start":{"line":1,"column":1962},"end":{"line":66,"column":1}},"line":1}},"f":{"0":0}},"C:\\Users\\devel\\Documents\\Development\\pokemon-card-marketplace\\project\\src\\application\\ports\\repositories\\IUserProfileRepository.ts":{"path":"C:\\Users\\devel\\Documents\\Development\\pokemon-card-marketplace\\project\\src\\application\\ports\\repositories\\IUserProfileRepository.ts","all":true,"statementMap":{"0":{"start":{"line":1,"column":0},"end":{"line":1,"column":67}}},"s":{"0":0},"branchMap":{"0":{"type":"branch","line":1,"loc":{"start":{"line":1,"column":1456},"end":{"line":46,"column":1}},"locations":[{"start":{"line":1,"column":1456},"end":{"line":46,"column":1}}]}},"b":{"0":[0]},"fnMap":{"0":{"name":"(empty-report)","decl":{"start":{"line":1,"column":1456},"end":{"line":46,"column":1}},"loc":{"start":{"line":1,"column":1456},"end":{"line":46,"column":1}},"line":1}},"f":{"0":0}},"C:\\Users\\devel\\Documents\\Development\\pokemon-card-marketplace\\project\\src\\application\\ports\\repositories\\index.ts":{"path":"C:\\Users\\devel\\Documents\\Development\\pokemon-card-marketplace\\project\\src\\application\\ports\\repositories\\index.ts","all":true,"statementMap":{"0":{"start":{"line":1,"column":0},"end":{"line":1,"column":34}},"1":{"start":{"line":2,"column":0},"end":{"line":2,"column":41}},"2":{"start":{"line":3,"column":0},"end":{"line":3,"column":34}},"3":{"start":{"line":4,"column":0},"end":{"line":4,"column":40}},"4":{"start":{"line":5,"column":0},"end":{"line":5,"column":34}},"5":{"start":{"line":6,"column":0},"end":{"line":6,"column":38}},"6":{"start":{"line":7,"column":0},"end":{"line":7,"column":34}},"7":{"start":{"line":8,"column":0},"end":{"line":8,"column":37}}},"s":{"0":0,"1":0,"2":0,"3":0,"4":0,"5":0,"6":0,"7":0},"branchMap":{"0":{"type":"branch","line":1,"loc":{"start":{"line":1,"column":299},"end":{"line":8,"column":37}},"locations":[{"start":{"line":1,"column":299},"end":{"line":8,"column":37}}]}},"b":{"0":[0]},"fnMap":{"0":{"name":"(empty-report)","decl":{"start":{"line":1,"column":299},"end":{"line":8,"column":37}},"loc":{"start":{"line":1,"column":299},"end":{"line":8,"column":37}},"line":1}},"f":{"0":0}},"C:\\Users\\devel\\Documents\\Development\\pokemon-card-marketplace\\project\\src\\application\\ports\\services\\IRealtimeService.ts":{"path":"C:\\Users\\devel\\Documents\\Development\\pokemon-card-marketplace\\project\\src\\application\\ports\\services\\IRealtimeService.ts","all":true,"statementMap":{},"s":{},"branchMap":{"0":{"type":"branch","line":1,"loc":{"start":{"line":1,"column":2767},"end":{"line":102,"column":1}},"locations":[{"start":{"line":1,"column":2767},"end":{"line":102,"column":1}}]}},"b":{"0":[1]},"fnMap":{"0":{"name":"(empty-report)","decl":{"start":{"line":1,"column":2767},"end":{"line":102,"column":1}},"loc":{"start":{"line":1,"column":2767},"end":{"line":102,"column":1}},"line":1}},"f":{"0":1}},"C:\\Users\\devel\\Documents\\Development\\pokemon-card-marketplace\\project\\src\\application\\ports\\services\\IDataService.ts":{"path":"C:\\Users\\devel\\Documents\\Development\\pokemon-card-marketplace\\project\\src\\application\\ports\\services\\IDataService.ts","all":true,"statementMap":{},"s":{},"branchMap":{"0":{"type":"branch","line":1,"loc":{"start":{"line":1,"column":4942},"end":{"line":192,"column":1}},"locations":[{"start":{"line":1,"column":4942},"end":{"line":192,"column":1}}]}},"b":{"0":[1]},"fnMap":{"0":{"name":"(empty-report)","decl":{"start":{"line":1,"column":4942},"end":{"line":192,"column":1}},"loc":{"start":{"line":1,"column":4942},"end":{"line":192,"column":1}},"line":1}},"f":{"0":1}},"C:\\Users\\devel\\Documents\\Development\\pokemon-card-marketplace\\project\\src\\application\\ports\\services\\IPaymentService.ts":{"path":"C:\\Users\\devel\\Documents\\Development\\pokemon-card-marketplace\\project\\src\\application\\ports\\services\\IPaymentService.ts","all":true,"statementMap":{},"s":{},"branchMap":{"0":{"type":"branch","line":1,"loc":{"start":{"line":1,"column":5643},"end":{"line":215,"column":1}},"locations":[{"start":{"line":1,"column":5643},"end":{"line":215,"column":1}}]}},"b":{"0":[1]},"fnMap":{"0":{"name":"(empty-report)","decl":{"start":{"line":1,"column":5643},"end":{"line":215,"column":1}},"loc":{"start":{"line":1,"column":5643},"end":{"line":215,"column":1}},"line":1}},"f":{"0":1}},"C:\\Users\\devel\\Documents\\Development\\pokemon-card-marketplace\\project\\src\\application\\ports\\services\\INotificationService.ts":{"path":"C:\\Users\\devel\\Documents\\Development\\pokemon-card-marketplace\\project\\src\\application\\ports\\services\\INotificationService.ts","all":true,"statementMap":{},"s":{},"branchMap":{"0":{"type":"branch","line":1,"loc":{"start":{"line":1,"column":4181},"end":{"line":153,"column":1}},"locations":[{"start":{"line":1,"column":4181},"end":{"line":153,"column":1}}]}},"b":{"0":[1]},"fnMap":{"0":{"name":"(empty-report)","decl":{"start":{"line":1,"column":4181},"end":{"line":153,"column":1}},"loc":{"start":{"line":1,"column":4181},"end":{"line":153,"column":1}},"line":1}},"f":{"0":1}},"C:\\Users\\devel\\Documents\\Development\\pokemon-card-marketplace\\project\\src\\application\\ports\\repositories\\ICartRepository.ts":{"path":"C:\\Users\\devel\\Documents\\Development\\pokemon-card-marketplace\\project\\src\\application\\ports\\repositories\\ICartRepository.ts","all":true,"statementMap":{"0":{"start":{"line":1,"column":0},"end":{"line":1,"column":61}}},"s":{"0":0},"branchMap":{"0":{"type":"branch","line":1,"loc":{"start":{"line":1,"column":1939},"end":{"line":67,"column":1}},"locations":[{"start":{"line":1,"column":1939},"end":{"line":67,"column":1}}]}},"b":{"0":[0]},"fnMap":{"0":{"name":"(empty-report)","decl":{"start":{"line":1,"column":1939},"end":{"line":67,"column":1}},"loc":{"start":{"line":1,"column":1939},"end":{"line":67,"column":1}},"line":1}},"f":{"0":0}},"C:\\Users\\devel\\Documents\\Development\\pokemon-card-marketplace\\project\\src\\application\\ports\\repositories\\ICollectionRepository.ts":{"path":"C:\\Users\\devel\\Documents\\Development\\pokemon-card-marketplace\\project\\src\\application\\ports\\repositories\\ICollectionRepository.ts","all":true,"statementMap":{"0":{"start":{"line":1,"column":0},"end":{"line":1,"column":75}}},"s":{"0":0},"branchMap":{"0":{"type":"branch","line":1,"loc":{"start":{"line":1,"column":1747},"end":{"line":54,"column":1}},"locations":[{"start":{"line":1,"column":1747},"end":{"line":54,"column":1}}]}},"b":{"0":[0]},"fnMap":{"0":{"name":"(empty-report)","decl":{"start":{"line":1,"column":1747},"end":{"line":54,"column":1}},"loc":{"start":{"line":1,"column":1747},"end":{"line":54,"column":1}},"line":1}},"f":{"0":0}},"C:\\Users\\devel\\Documents\\Development\\pokemon-card-marketplace\\project\\src\\application\\ports\\repositories\\ICardRepository.ts":{"path":"C:\\Users\\devel\\Documents\\Development\\pokemon-card-marketplace\\project\\src\\application\\ports\\repositories\\ICardRepository.ts","all":true,"statementMap":{"0":{"start":{"line":1,"column":0},"end":{"line":1,"column":53}}},"s":{"0":0},"branchMap":{"0":{"type":"branch","line":1,"loc":{"start":{"line":1,"column":2978},"end":{"line":108,"column":1}},"locations":[{"start":{"line":1,"column":2978},"end":{"line":108,"column":1}}]}},"b":{"0":[0]},"fnMap":{"0":{"name":"(empty-report)","decl":{"start":{"line":1,"column":2978},"end":{"line":108,"column":1}},"loc":{"start":{"line":1,"column":2978},"end":{"line":108,"column":1}},"line":1}},"f":{"0":0}},"C:\\Users\\devel\\Documents\\Development\\pokemon-card-marketplace\\project\\src\\infrastructure\\driven\\services\\examples\\DataServiceExamples.ts":{"path":"C:\\Users\\devel\\Documents\\Development\\pokemon-card-marketplace\\project\\src\\infrastructure\\driven\\services\\examples\\DataServiceExamples.ts","all":true,"statementMap":{"5":{"start":{"line":6,"column":0},"end":{"line":6,"column":34}},"6":{"start":{"line":7,"column":0},"end":{"line":7,"column":60}},"11":{"start":{"line":12,"column":0},"end":{"line":12,"column":27}},"12":{"start":{"line":13,"column":0},"end":{"line":13,"column":60}},"13":{"start":{"line":14,"column":0},"end":{"line":14,"column":57}},"14":{"start":{"line":15,"column":0},"end":{"line":15,"column":16}},"15":{"start":{"line":16,"column":0},"end":{"line":16,"column":16}},"16":{"start":{"line":17,"column":0},"end":{"line":17,"column":58}},"17":{"start":{"line":18,"column":0},"end":{"line":18,"column":16}},"18":{"start":{"line":19,"column":0},"end":{"line":19,"column":61}},"19":{"start":{"line":20,"column":0},"end":{"line":20,"column":76}},"20":{"start":{"line":21,"column":0},"end":{"line":21,"column":55}},"21":{"start":{"line":22,"column":0},"end":{"line":22,"column":7}},"22":{"start":{"line":23,"column":0},"end":{"line":23,"column":7}},"24":{"start":{"line":25,"column":0},"end":{"line":25,"column":52}},"25":{"start":{"line":26,"column":0},"end":{"line":26,"column":40}},"26":{"start":{"line":27,"column":0},"end":{"line":27,"column":47}},"27":{"start":{"line":28,"column":0},"end":{"line":28,"column":54}},"28":{"start":{"line":29,"column":0},"end":{"line":29,"column":3}},"33":{"start":{"line":34,"column":0},"end":{"line":34,"column":47}},"34":{"start":{"line":35,"column":0},"end":{"line":35,"column":66}},"35":{"start":{"line":36,"column":0},"end":{"line":36,"column":93}},"36":{"start":{"line":37,"column":0},"end":{"line":37,"column":6}},"38":{"start":{"line":39,"column":0},"end":{"line":39,"column":25}},"39":{"start":{"line":40,"column":0},"end":{"line":40,"column":52}},"40":{"start":{"line":41,"column":0},"end":{"line":41,"column":12}},"41":{"start":{"line":42,"column":0},"end":{"line":42,"column":44}},"42":{"start":{"line":43,"column":0},"end":{"line":43,"column":5}},"43":{"start":{"line":44,"column":0},"end":{"line":44,"column":3}},"48":{"start":{"line":49,"column":0},"end":{"line":49,"column":48}},"49":{"start":{"line":50,"column":0},"end":{"line":50,"column":60}},"50":{"start":{"line":51,"column":0},"end":{"line":51,"column":44}},"51":{"start":{"line":52,"column":0},"end":{"line":52,"column":16}},"52":{"start":{"line":53,"column":0},"end":{"line":53,"column":75}},"53":{"start":{"line":54,"column":0},"end":{"line":54,"column":8}},"54":{"start":{"line":55,"column":0},"end":{"line":55,"column":55}},"55":{"start":{"line":56,"column":0},"end":{"line":56,"column":15}},"56":{"start":{"line":57,"column":0},"end":{"line":57,"column":7}},"58":{"start":{"line":59,"column":0},"end":{"line":59,"column":23}},"59":{"start":{"line":60,"column":0},"end":{"line":60,"column":3}},"64":{"start":{"line":65,"column":0},"end":{"line":65,"column":42}},"65":{"start":{"line":66,"column":0},"end":{"line":66,"column":59}},"66":{"start":{"line":67,"column":0},"end":{"line":67,"column":18}},"67":{"start":{"line":68,"column":0},"end":{"line":68,"column":23}},"68":{"start":{"line":69,"column":0},"end":{"line":69,"column":42}},"69":{"start":{"line":70,"column":0},"end":{"line":70,"column":60}},"71":{"start":{"line":72,"column":0},"end":{"line":72,"column":25}},"72":{"start":{"line":73,"column":0},"end":{"line":73,"column":48}},"73":{"start":{"line":74,"column":0},"end":{"line":74,"column":25}},"74":{"start":{"line":75,"column":0},"end":{"line":75,"column":12}},"75":{"start":{"line":76,"column":0},"end":{"line":76,"column":59}},"76":{"start":{"line":77,"column":0},"end":{"line":77,"column":18}},"77":{"start":{"line":78,"column":0},"end":{"line":78,"column":5}},"78":{"start":{"line":79,"column":0},"end":{"line":79,"column":3}},"83":{"start":{"line":84,"column":0},"end":{"line":84,"column":71}},"84":{"start":{"line":85,"column":0},"end":{"line":85,"column":61}},"85":{"start":{"line":86,"column":0},"end":{"line":86,"column":7}},"86":{"start":{"line":87,"column":0},"end":{"line":87,"column":65}},"87":{"start":{"line":88,"column":0},"end":{"line":88,"column":61}},"88":{"start":{"line":89,"column":0},"end":{"line":89,"column":8}},"89":{"start":{"line":90,"column":0},"end":{"line":90,"column":66}},"90":{"start":{"line":91,"column":0},"end":{"line":91,"column":30}},"91":{"start":{"line":92,"column":0},"end":{"line":92,"column":6}},"93":{"start":{"line":94,"column":0},"end":{"line":94,"column":25}},"94":{"start":{"line":95,"column":0},"end":{"line":95,"column":64}},"95":{"start":{"line":96,"column":0},"end":{"line":96,"column":25}},"96":{"start":{"line":97,"column":0},"end":{"line":97,"column":12}},"97":{"start":{"line":98,"column":0},"end":{"line":98,"column":65}},"98":{"start":{"line":99,"column":0},"end":{"line":99,"column":16}},"99":{"start":{"line":100,"column":0},"end":{"line":100,"column":5}},"100":{"start":{"line":101,"column":0},"end":{"line":101,"column":3}},"105":{"start":{"line":106,"column":0},"end":{"line":106,"column":55}},"106":{"start":{"line":107,"column":0},"end":{"line":107,"column":60}},"107":{"start":{"line":108,"column":0},"end":{"line":108,"column":64}},"108":{"start":{"line":109,"column":0},"end":{"line":109,"column":56}},"109":{"start":{"line":110,"column":0},"end":{"line":110,"column":7}},"111":{"start":{"line":112,"column":0},"end":{"line":112,"column":48}},"112":{"start":{"line":113,"column":0},"end":{"line":113,"column":17}},"113":{"start":{"line":114,"column":0},"end":{"line":114,"column":3}},"118":{"start":{"line":119,"column":0},"end":{"line":119,"column":55}},"119":{"start":{"line":120,"column":0},"end":{"line":120,"column":77}},"120":{"start":{"line":121,"column":0},"end":{"line":121,"column":48}},"121":{"start":{"line":122,"column":0},"end":{"line":122,"column":6}},"123":{"start":{"line":124,"column":0},"end":{"line":124,"column":25}},"124":{"start":{"line":125,"column":0},"end":{"line":125,"column":70}},"125":{"start":{"line":126,"column":0},"end":{"line":126,"column":25}},"126":{"start":{"line":127,"column":0},"end":{"line":127,"column":12}},"127":{"start":{"line":128,"column":0},"end":{"line":128,"column":60}},"128":{"start":{"line":129,"column":0},"end":{"line":129,"column":16}},"129":{"start":{"line":130,"column":0},"end":{"line":130,"column":5}},"130":{"start":{"line":131,"column":0},"end":{"line":131,"column":3}},"135":{"start":{"line":136,"column":0},"end":{"line":136,"column":56}},"136":{"start":{"line":137,"column":0},"end":{"line":137,"column":78}},"137":{"start":{"line":138,"column":0},"end":{"line":138,"column":18}},"138":{"start":{"line":139,"column":0},"end":{"line":139,"column":56}},"139":{"start":{"line":140,"column":0},"end":{"line":140,"column":6}},"141":{"start":{"line":142,"column":0},"end":{"line":142,"column":25}},"142":{"start":{"line":143,"column":0},"end":{"line":143,"column":61}},"143":{"start":{"line":144,"column":0},"end":{"line":144,"column":25}},"144":{"start":{"line":145,"column":0},"end":{"line":145,"column":12}},"145":{"start":{"line":146,"column":0},"end":{"line":146,"column":65}},"146":{"start":{"line":147,"column":0},"end":{"line":147,"column":18}},"147":{"start":{"line":148,"column":0},"end":{"line":148,"column":5}},"148":{"start":{"line":149,"column":0},"end":{"line":149,"column":3}},"153":{"start":{"line":154,"column":0},"end":{"line":154,"column":34}},"154":{"start":{"line":155,"column":0},"end":{"line":155,"column":68}},"155":{"start":{"line":156,"column":0},"end":{"line":156,"column":22}},"156":{"start":{"line":157,"column":0},"end":{"line":157,"column":19}},"157":{"start":{"line":158,"column":0},"end":{"line":158,"column":7}},"159":{"start":{"line":160,"column":0},"end":{"line":160,"column":25}},"160":{"start":{"line":161,"column":0},"end":{"line":161,"column":52}},"161":{"start":{"line":162,"column":0},"end":{"line":162,"column":25}},"162":{"start":{"line":163,"column":0},"end":{"line":163,"column":12}},"163":{"start":{"line":164,"column":0},"end":{"line":164,"column":72}},"164":{"start":{"line":165,"column":0},"end":{"line":165,"column":16}},"165":{"start":{"line":166,"column":0},"end":{"line":166,"column":5}},"166":{"start":{"line":167,"column":0},"end":{"line":167,"column":3}},"171":{"start":{"line":172,"column":0},"end":{"line":172,"column":38}},"172":{"start":{"line":173,"column":0},"end":{"line":173,"column":11}},"173":{"start":{"line":174,"column":0},"end":{"line":174,"column":17}},"174":{"start":{"line":175,"column":0},"end":{"line":175,"column":17}},"175":{"start":{"line":176,"column":0},"end":{"line":176,"column":18}},"176":{"start":{"line":177,"column":0},"end":{"line":177,"column":24}},"177":{"start":{"line":178,"column":0},"end":{"line":178,"column":27}},"178":{"start":{"line":179,"column":0},"end":{"line":179,"column":38}},"179":{"start":{"line":180,"column":0},"end":{"line":180,"column":38}},"180":{"start":{"line":181,"column":0},"end":{"line":181,"column":39}},"181":{"start":{"line":182,"column":0},"end":{"line":182,"column":61}},"182":{"start":{"line":183,"column":0},"end":{"line":183,"column":9}},"183":{"start":{"line":184,"column":0},"end":{"line":184,"column":45}},"184":{"start":{"line":185,"column":0},"end":{"line":185,"column":82}},"185":{"start":{"line":186,"column":0},"end":{"line":186,"column":60}},"186":{"start":{"line":187,"column":0},"end":{"line":187,"column":16}},"187":{"start":{"line":188,"column":0},"end":{"line":188,"column":8}},"188":{"start":{"line":189,"column":0},"end":{"line":189,"column":7}},"190":{"start":{"line":191,"column":0},"end":{"line":191,"column":12}},"191":{"start":{"line":192,"column":0},"end":{"line":192,"column":17}},"192":{"start":{"line":193,"column":0},"end":{"line":193,"column":17}},"193":{"start":{"line":194,"column":0},"end":{"line":194,"column":18}},"194":{"start":{"line":195,"column":0},"end":{"line":195,"column":49}},"195":{"start":{"line":196,"column":0},"end":{"line":196,"column":6}},"196":{"start":{"line":197,"column":0},"end":{"line":197,"column":3}},"197":{"start":{"line":198,"column":0},"end":{"line":198,"column":1}}},"s":{"5":0,"6":0,"11":0,"12":0,"13":0,"14":0,"15":0,"16":0,"17":0,"18":0,"19":0,"20":0,"21":0,"22":0,"24":0,"25":0,"26":0,"27":0,"28":0,"33":0,"34":0,"35":0,"36":0,"38":0,"39":0,"40":0,"41":0,"42":0,"43":0,"48":0,"49":0,"50":0,"51":0,"52":0,"53":0,"54":0,"55":0,"56":0,"58":0,"59":0,"64":0,"65":0,"66":0,"67":0,"68":0,"69":0,"71":0,"72":0,"73":0,"74":0,"75":0,"76":0,"77":0,"78":0,"83":0,"84":0,"85":0,"86":0,"87":0,"88":0,"89":0,"90":0,"91":0,"93":0,"94":0,"95":0,"96":0,"97":0,"98":0,"99":0,"100":0,"105":0,"106":0,"107":0,"108":0,"109":0,"111":0,"112":0,"113":0,"118":0,"119":0,"120":0,"121":0,"123":0,"124":0,"125":0,"126":0,"127":0,"128":0,"129":0,"130":0,"135":0,"136":0,"137":0,"138":0,"139":0,"141":0,"142":0,"143":0,"144":0,"145":0,"146":0,"147":0,"148":0,"153":0,"154":0,"155":0,"156":0,"157":0,"159":0,"160":0,"161":0,"162":0,"163":0,"164":0,"165":0,"166":0,"171":0,"172":0,"173":0,"174":0,"175":0,"176":0,"177":0,"178":0,"179":0,"180":0,"181":0,"182":0,"183":0,"184":0,"185":0,"186":0,"187":0,"188":0,"190":0,"191":0,"192":0,"193":0,"194":0,"195":0,"196":0,"197":0},"branchMap":{"0":{"type":"branch","line":1,"loc":{"start":{"line":1,"column":5612},"end":{"line":198,"column":1}},"locations":[{"start":{"line":1,"column":5612},"end":{"line":198,"column":1}}]}},"b":{"0":[1]},"fnMap":{"0":{"name":"(empty-report)","decl":{"start":{"line":1,"column":5612},"end":{"line":198,"column":1}},"loc":{"start":{"line":1,"column":5612},"end":{"line":198,"column":1}},"line":1}},"f":{"0":1}}}}